# JRE version: OpenJDK Runtime Environment Temurin-21.0.6+7 (21.0.6+7) (build 21.0.6+7-LTS)
# Java VM: OpenJDK 64-Bit Server VM Temurin-21.0.6+7 (21.0.6+7-LTS, mixed mode, emulated-client, sharing, tiered, compressed oops, compressed class ptrs, g1 gc, windows-amd64)
GC Precious Log:
 CardTable entry size: 512
 Card Set container configuration: InlinePtr #cards 4 size 8 Array Of Cards #cards 16 size 48 Howl #buckets 8 coarsen threshold 3686 Howl Bitmap #cards 512 size 80 coarsen threshold 460 Card regions per heap region 1 cards per card region 4096
 CPUs: 16 total, 16 available
 Memory: 15943M
 Large Page Support: Disabled
 NUMA Support: Disabled
 Compressed Oops: Enabled (Zero based)
 Heap Region Size: 2M
 Heap Min Capacity: 8M
 Heap Initial Capacity: 250M
 Heap Max Capacity: 3986M
 Pre-touch: Disabled
 Parallel Workers: 13
 Concurrent Workers: 3
 Concurrent Refinement Workers: 13
 Periodic GC: Disabled
Heap:
 garbage-first heap   total 102400K, used 88810K [0x0000000706e00000, 0x0000000800000000)
  region size 2048K, 30 young (61440K), 3 survivors (6144K)
 Metaspace       used 61076K, committed 61760K, reserved 1114112K
  class space    used 8245K, committed 8512K, reserved 1048576K
GC Heap History (20 events):
Event: 1.744 GC heap after
{Heap after GC invocations=9 (full 0):
 garbage-first heap   total 88064K, used 22212K [0x0000000706e00000, 0x0000000800000000)
  region size 2048K, 2 young (4096K), 2 survivors (4096K)
 Metaspace       used 24514K, committed 24896K, reserved 1114112K
  class space    used 3093K, committed 3264K, reserved 1048576K
}
Event: 2.057 GC heap before
{Heap before GC invocations=10 (full 0):
 garbage-first heap   total 75776K, used 69316K [0x0000000706e00000, 0x0000000800000000)
  region size 2048K, 25 young (51200K), 2 survivors (4096K)
 Metaspace       used 27479K, committed 28032K, reserved 1114112K
  class space    used 3542K, committed 3840K, reserved 1048576K
}
Event: 2.060 GC heap after
{Heap after GC invocations=11 (full 0):
 garbage-first heap   total 77824K, used 24389K [0x0000000706e00000, 0x0000000800000000)
  region size 2048K, 4 young (8192K), 4 survivors (8192K)
 Metaspace       used 27479K, committed 28032K, reserved 1114112K
  class space    used 3542K, committed 3840K, reserved 1048576K
}
Event: 2.279 GC heap before
{Heap before GC invocations=11 (full 0):
 garbage-first heap   total 77824K, used 59205K [0x0000000706e00000, 0x0000000800000000)
  region size 2048K, 22 young (45056K), 4 survivors (8192K)
 Metaspace       used 30600K, committed 31232K, reserved 1114112K
  class space    used 4065K, committed 4352K, reserved 1048576K
}
Event: 2.282 GC heap after
{Heap after GC invocations=12 (full 0):
 garbage-first heap   total 77824K, used 24713K [0x0000000706e00000, 0x0000000800000000)
  region size 2048K, 2 young (4096K), 2 survivors (4096K)
 Metaspace       used 30600K, committed 31232K, reserved 1114112K
  class space    used 4065K, committed 4352K, reserved 1048576K
}
Event: 2.514 GC heap before
{Heap before GC invocations=12 (full 0):
 garbage-first heap   total 77824K, used 63625K [0x0000000706e00000, 0x0000000800000000)
  region size 2048K, 22 young (45056K), 2 survivors (4096K)
 Metaspace       used 33065K, committed 33664K, reserved 1114112K
  class space    used 4391K, committed 4672K, reserved 1048576K
}
Event: 2.517 GC heap after
{Heap after GC invocations=13 (full 0):
 garbage-first heap   total 77824K, used 27285K [0x0000000706e00000, 0x0000000800000000)
  region size 2048K, 3 young (6144K), 3 survivors (6144K)
 Metaspace       used 33065K, committed 33664K, reserved 1114112K
  class space    used 4391K, committed 4672K, reserved 1048576K
}
Event: 2.700 GC heap before
{Heap before GC invocations=13 (full 0):
 garbage-first heap   total 77824K, used 62101K [0x0000000706e00000, 0x0000000800000000)
  region size 2048K, 21 young (43008K), 3 survivors (6144K)
 Metaspace       used 35141K, committed 35712K, reserved 1114112K
  class space    used 4655K, committed 4928K, reserved 1048576K
}
Event: 2.703 GC heap after
{Heap after GC invocations=14 (full 0):
 garbage-first heap   total 77824K, used 27849K [0x0000000706e00000, 0x0000000800000000)
  region size 2048K, 2 young (4096K), 2 survivors (4096K)
 Metaspace       used 35141K, committed 35712K, reserved 1114112K
  class space    used 4655K, committed 4928K, reserved 1048576K
}
Event: 2.913 GC heap before
{Heap before GC invocations=14 (full 0):
 garbage-first heap   total 77824K, used 64713K [0x0000000706e00000, 0x0000000800000000)
  region size 2048K, 20 young (40960K), 2 survivors (4096K)
 Metaspace       used 38411K, committed 39040K, reserved 1114112K
  class space    used 5079K, committed 5376K, reserved 1048576K
}
Event: 2.917 GC heap after
{Heap after GC invocations=15 (full 0):
 garbage-first heap   total 102400K, used 28759K [0x0000000706e00000, 0x0000000800000000)
  region size 2048K, 1 young (2048K), 1 survivors (2048K)
 Metaspace       used 38411K, committed 39040K, reserved 1114112K
  class space    used 5079K, committed 5376K, reserved 1048576K
}
Event: 3.064 GC heap before
{Heap before GC invocations=15 (full 0):
 garbage-first heap   total 102400K, used 53335K [0x0000000706e00000, 0x0000000800000000)
  region size 2048K, 14 young (28672K), 1 survivors (2048K)
 Metaspace       used 41018K, committed 41600K, reserved 1114112K
  class space    used 5467K, committed 5760K, reserved 1048576K
}
Event: 3.066 GC heap after
{Heap after GC invocations=16 (full 0):
 garbage-first heap   total 102400K, used 29052K [0x0000000706e00000, 0x0000000800000000)
  region size 2048K, 2 young (4096K), 2 survivors (4096K)
 Metaspace       used 41018K, committed 41600K, reserved 1114112K
  class space    used 5467K, committed 5760K, reserved 1048576K
}
Event: 3.701 GC heap before
{Heap before GC invocations=17 (full 0):
 garbage-first heap   total 102400K, used 86396K [0x0000000706e00000, 0x0000000800000000)
  region size 2048K, 30 young (61440K), 2 survivors (4096K)
 Metaspace       used 47270K, committed 47936K, reserved 1114112K
  class space    used 6258K, committed 6528K, reserved 1048576K
}
Event: 3.707 GC heap after
{Heap after GC invocations=18 (full 0):
 garbage-first heap   total 102400K, used 30148K [0x0000000706e00000, 0x0000000800000000)
  region size 2048K, 2 young (4096K), 2 survivors (4096K)
 Metaspace       used 47270K, committed 47936K, reserved 1114112K
  class space    used 6258K, committed 6528K, reserved 1048576K
}
Event: 4.063 GC heap before
{Heap before GC invocations=18 (full 0):
 garbage-first heap   total 102400K, used 87492K [0x0000000706e00000, 0x0000000800000000)
  region size 2048K, 30 young (61440K), 2 survivors (4096K)
 Metaspace       used 53251K, committed 53888K, reserved 1114112K
  class space    used 7099K, committed 7360K, reserved 1048576K
}
Event: 4.067 GC heap after
{Heap after GC invocations=19 (full 0):
 garbage-first heap   total 102400K, used 31924K [0x0000000706e00000, 0x0000000800000000)
  region size 2048K, 3 young (6144K), 3 survivors (6144K)
 Metaspace       used 53251K, committed 53888K, reserved 1114112K
  class space    used 7099K, committed 7360K, reserved 1048576K
}
Event: 4.369 GC heap before
{Heap before GC invocations=19 (full 0):
 garbage-first heap   total 102400K, used 85172K [0x0000000706e00000, 0x0000000800000000)
  region size 2048K, 30 young (61440K), 3 survivors (6144K)
 Metaspace       used 59963K, committed 60608K, reserved 1114112K
  class space    used 8095K, committed 8384K, reserved 1048576K
}
Event: 4.372 GC heap after
{Heap after GC invocations=20 (full 0):
 garbage-first heap   total 102400K, used 33514K [0x0000000706e00000, 0x0000000800000000)
  region size 2048K, 3 young (6144K), 3 survivors (6144K)
 Metaspace       used 59963K, committed 60608K, reserved 1114112K
  class space    used 8095K, committed 8384K, reserved 1048576K
}
Event: 22.261 GC heap before
{Heap before GC invocations=20 (full 0):
 garbage-first heap   total 102400K, used 88810K [0x0000000706e00000, 0x0000000800000000)
  region size 2048K, 30 young (61440K), 3 survivors (6144K)
 Metaspace       used 61076K, committed 61760K, reserved 1114112K
  class space    used 8245K, committed 8512K, reserved 1048576K
}

